[2026-01-31 02:21:14] --- Starting Portfolio Tracker Run ---
[2026-01-31 02:21:14] Fetched price for VWRP.L: 127.34
[2026-01-31 02:21:15] Fetched price for VUAG.L: 97.17
[2026-01-31 02:21:15] Created new portfolio_data.csv
[2026-01-31 02:21:15] Calculated for VWRP.L: Bought 0.4398 shares at 127.34. Total shares: 0.4398
[2026-01-31 02:21:15] Calculated for VUAG.L: Bought 0.2470 shares at 97.17. Total shares: 0.2470
[2026-01-31 02:21:18] --- Starting Portfolio Tracker Run ---
[2026-01-31 02:21:18] Fetched price for VWRP.L: 127.34
[2026-01-31 02:21:18] Fetched price for VUAG.L: 97.17
[2026-01-31 02:21:18] Created new portfolio_data.csv
[2026-01-31 02:21:18] Calculated for VWRP.L: Bought 0.4398 shares at 127.34. Total shares: 0.4398
[2026-01-31 02:21:18] Calculated for VUAG.L: Bought 0.2470 shares at 97.17. Total shares: 0.2470
[2026-01-31 02:21:30] --- Starting Portfolio Tracker Run ---
[2026-01-31 02:21:30] Fetched price for VWRP.L: 127.34
[2026-01-31 02:21:30] Fetched price for VUAG.L: 97.17
[2026-01-31 02:21:30] Created new portfolio_data.csv
[2026-01-31 02:21:30] Calculated for VWRP.L: Bought 0.4398 shares at 127.34. New total shares: 0.4398
[2026-01-31 02:21:30] Calculated for VUAG.L: Bought 0.2470 shares at 97.17. New total shares: 0.2470
[2026-01-31 02:21:30] Total cash invested: 80.00
[2026-01-31 02:21:30] Current portfolio value: 80.00
[2026-01-31 02:21:30] Portfolio data updated and saved to /home/toto/clawd/coding/finance_coding/portfolio_tracker/portfolio_data.csv
[2026-01-31 02:21:31] Portfolio performance plot saved to /home/toto/clawd/coding/finance_coding/portfolio_tracker/portfolio_performance.png
[2026-01-31 02:21:31] --- Portfolio Tracker Run Finished ---

